Starting AWS CDK deployment to environment: preview-jairosp
Asset deployment: true
Building frontend...

> @themesberg/volt-react-dashboard@1.0.1 build
> cross-env NODE_OPTIONS=--openssl-legacy-provider PUBLIC_URL=/ react-scripts build

Creating an optimized production build...
Browserslist: caniuse-lite is outdated. Please run:
  npx browserslist@latest --update-db
  Why you should do it regularly: https://github.com/browserslist/browserslist#browsers-data-updating
Compiled with warnings.

./src/pages/Presentation.js
  Line 118:52:  Using target="_blank" without rel="noopener noreferrer" is a security risk: see https://mathiasbynens.github.io/rel-noopener  react/jsx-no-target-blank

./src/components/Footer.js
  Line 6:30:   'faRocket' is defined but never used  no-unused-vars
  Line 11:10:  'Link' is defined but never used      no-unused-vars
  Line 12:10:  'Routes' is defined but never used    no-unused-vars

Search for the keywords to learn more about each warning.
To ignore, add // eslint-disable-next-line to the line before.

File sizes after gzip:

  380.03 KB  build/static/js/2.06b35381.chunk.js
  79 KB      build/static/css/main.568fc634.chunk.css
  40.34 KB   build/static/js/main.4b9a4bd6.chunk.js
  951 B      build/static/css/2.e94d5e4c.chunk.css
  800 B      build/static/js/runtime-main.20657f43.js

The project was built assuming it is hosted at /.
You can control this with the homepage field in your package.json.

The build folder is ready to be deployed.
You may serve it with a static server:

  yarn global add serve
  serve -s build

Find out more about deployment here:

  bit.ly/CRA-deploy

Installing CDK dependencies...

up to date, audited 663 packages in 888ms

38 packages are looking for funding
  run `npm fund` for details

found 0 vulnerabilities

> infra@0.1.0 build
> tsc

Bootstrapping CDK...

NOTICES         (What's this? https://github.com/aws/aws-cdk/wiki/CLI-Notices)

34892	CDK CLI collects telemetry data on command usage starting at version 2.1100.0 (unless opted out)

	Overview: We do not collect customer content and we anonymize the
	          telemetry we do collect. See the attached issue for more
	          information on what data is collected, why, and how to
	          opt-out. Telemetry will NOT be collected for any CDK CLI
	          version prior to version 2.1100.0 - regardless of
	          opt-in/out. You can also view the telemetry we collect by
	          logging it to a local file, by adding
	          `--telemetry-file=my/local/file` to any `cdk` command.

	Affected versions: cli: ^2.1100.0

	More information at: https://github.com/aws/aws-cdk/issues/34892


34635	Support for this Node.js version will end soon

	Overview: Support for Node.js v18.20.5 ends on November 30,
	          2025. Please upgrade to a recent LTS version.

	Affected versions: node: >=18.0.0 <20.0.0

	More information at: https://github.com/aws/aws-cdk/issues/34635


If you don’t want to see a notice anymore, use "cdk acknowledge <id>". For example, "cdk acknowledge 34892".
Other CLIs (PID=2005) are currently reading from cdk.out. Invoke the CLI in sequence, or use '--output' to synth into different directories.
